<?xml version="1.0" encoding="UTF-8" ?>
<testsuite failures="0" time="22.794" errors="0" skipped="0" tests="12" name="com.jkt.donateme.client.TestDonateMe_GWT">
  <properties>
[...]
</properties>
  <testcase time="15.837" classname="com.jkt.donateme.client.TestDonateMe_GWT" name="testPatientSignUpScreenView"/>
  <testcase time="0.646" classname="com.jkt.donateme.client.TestDonateMe_GWT" name="testPatientSignUpViewBinding"/>
  <testcase time="0.81" classname="com.jkt.donateme.client.TestDonateMe_GWT" name="testTextBoxesValuesNotEmpty"/>
  <testcase time="0.71" classname="com.jkt.donateme.client.TestDonateMe_GWT" name="testWhenUserDoNotEnterValues"/>
  <testcase time="1.156" classname="com.jkt.donateme.client.TestDonateMe_GWT" name="testWhenAllFieldsShouldBeValidate"/>
  <testcase time="0.578" classname="com.jkt.donateme.client.TestDonateMe_GWT" name="testWhenValuesAreInvalid"/>
  <testcase time="0.673" classname="com.jkt.donateme.client.TestDonateMe_GWT" name="testWhenPasswordDoNotMatch"/>
  <testcase time="0.705" classname="com.jkt.donateme.client.TestDonateMe_GWT" name="testWhenPasswordIsLessThanSix"/>
  <testcase time="0.565" classname="com.jkt.donateme.client.TestDonateMe_GWT" name="testWhenPasswordIsMoreThanTwelve"/>
  <testcase time="0.408" classname="com.jkt.donateme.client.TestDonateMe_GWT" name="testwhenClickOnMaleRadioButton"/>
  <testcase time="0.355" classname="com.jkt.donateme.client.TestDonateMe_GWT" name="testwhenClickOnFemaleRadioButton"/>
  <testcase time="0.351" classname="com.jkt.donateme.client.TestDonateMe_GWT" name="testwhenNoRadioButtonSelect"/>
</testsuite>