<?xml version="1.0" encoding="UTF-8" ?>
<testsuite failures="0" time="24.576" errors="0" skipped="0" tests="12" name="com.jkt.donateme.client.TestDonateMe_GWT">
  <properties>
[...]
</properties>
  <testcase time="17.772" classname="com.jkt.donateme.client.TestDonateMe_GWT" name="testPatientSignUpScreenView"/>
  <testcase time="0.777" classname="com.jkt.donateme.client.TestDonateMe_GWT" name="testPatientSignUpViewBinding"/>
  <testcase time="0.7" classname="com.jkt.donateme.client.TestDonateMe_GWT" name="testTextBoxesValuesNotEmpty"/>
  <testcase time="0.922" classname="com.jkt.donateme.client.TestDonateMe_GWT" name="testWhenUserDoNotEnterValues"/>
  <testcase time="0.843" classname="com.jkt.donateme.client.TestDonateMe_GWT" name="testWhenAllFieldsShouldBeValidate"/>
  <testcase time="0.609" classname="com.jkt.donateme.client.TestDonateMe_GWT" name="testWhenValuesAreInvalid"/>
  <testcase time="0.644" classname="com.jkt.donateme.client.TestDonateMe_GWT" name="testWhenPasswordDoNotMatch"/>
  <testcase time="0.62" classname="com.jkt.donateme.client.TestDonateMe_GWT" name="testWhenPasswordIsLessThanSix"/>
  <testcase time="0.495" classname="com.jkt.donateme.client.TestDonateMe_GWT" name="testWhenPasswordIsMoreThanTwelve"/>
  <testcase time="0.38" classname="com.jkt.donateme.client.TestDonateMe_GWT" name="testwhenClickOnMaleRadioButton"/>
  <testcase time="0.397" classname="com.jkt.donateme.client.TestDonateMe_GWT" name="testwhenClickOnFemaleRadioButton"/>
  <testcase time="0.322" classname="com.jkt.donateme.client.TestDonateMe_GWT" name="testwhenNoRadioButtonSelect"/>
</testsuite>